{
  "RSpec": {
    "coverage": {
      "/home/michal/Pulpit/rails-workspace/rails-films/spec/controllers/comments_controller_spec.rb": [
        1,
        null,
        1,
        null,
        null
      ],
      "/home/michal/Pulpit/rails-workspace/rails-films/spec/rails_helper.rb": [
        null,
        1,
        1,
        1,
        null,
        1,
        1,
        1,
        1,
        1,
        null,
        null,
        null,
        null,
        null,
        null,
        null,
        null,
        null,
        null,
        null,
        null,
        null,
        null,
        null,
        null,
        null,
        null,
        null,
        null,
        1,
        1,
        null,
        0,
        0,
        null,
        1,
        null,
        1,
        null,
        null,
        null,
        null,
        1,
        null,
        null,
        null,
        null,
        null,
        null,
        null,
        null,
        null,
        null,
        null,
        null,
        null,
        null,
        1,
        null,
        null,
        1,
        null,
        null,
        1,
        1,
        null,
        null
      ],
      "/home/michal/Pulpit/rails-workspace/rails-films/config/environment.rb": [
        null,
        1,
        null,
        null,
        1
      ],
      "/home/michal/Pulpit/rails-workspace/rails-films/config/application.rb": [
        1,
        null,
        1,
        null,
        1,
        1,
        1,
        1,
        1,
        1,
        1,
        1,
        1,
        null,
        null,
        null,
        null,
        1,
        null,
        1,
        1,
        null,
        1,
        null,
        null,
        null,
        null,
        null,
        null,
        null,
        1,
        null,
        null
      ],
      "/home/michal/Pulpit/rails-workspace/rails-films/config/boot.rb": [
        1,
        null,
        1,
        1
      ],
      "/home/michal/Pulpit/rails-workspace/rails-films/config/environments/test.rb": [
        1,
        null,
        null,
        null,
        null,
        null,
        null,
        1,
        null,
        null,
        null,
        null,
        1,
        null,
        null,
        1,
        1,
        null,
        null,
        null,
        null,
        1,
        1,
        null,
        null,
        1,
        null,
        null,
        1,
        null,
        null,
        1,
        null,
        1,
        null,
        null,
        null,
        null,
        1,
        null,
        null,
        1,
        null,
        null,
        null,
        null
      ],
      "/home/michal/Pulpit/rails-workspace/rails-films/config/initializers/application_controller_renderer.rb": [
        null,
        null,
        null,
        null,
        null,
        null,
        null,
        null
      ],
      "/home/michal/Pulpit/rails-workspace/rails-films/config/initializers/assets.rb": [
        null,
        null,
        null,
        1,
        null,
        null,
        null,
        null,
        1,
        null,
        null,
        null,
        null,
        null
      ],
      "/home/michal/Pulpit/rails-workspace/rails-films/config/initializers/backtrace_silencers.rb": [
        null,
        null,
        null,
        null,
        null,
        null,
        null
      ],
      "/home/michal/Pulpit/rails-workspace/rails-films/config/initializers/content_security_policy.rb": [
        null,
        null,
        null,
        null,
        null,
        null,
        null,
        null,
        null,
        null,
        null,
        null,
        null,
        null,
        null,
        null,
        null,
        null,
        null,
        null,
        null,
        null,
        null,
        null,
        null
      ],
      "/home/michal/Pulpit/rails-workspace/rails-films/config/initializers/cookies_serializer.rb": [
        null,
        null,
        null,
        null,
        1
      ],
      "/home/michal/Pulpit/rails-workspace/rails-films/config/initializers/devise.rb": [
        null,
        null,
        null,
        null,
        1,
        null,
        null,
        null,
        null,
        null,
        1,
        null,
        null,
        null,
        null,
        null,
        null,
        null,
        null,
        null,
        1,
        null,
        null,
        null,
        null,
        null,
        null,
        null,
        null,
        null,
        null,
        null,
        1,
        null,
        null,
        null,
        null,
        null,
        null,
        null,
        null,
        null,
        null,
        null,
        null,
        null,
        null,
        null,
        null,
        null,
        null,
        null,
        null,
        null,
        1,
        null,
        null,
        null,
        null,
        1,
        null,
        null,
        null,
        null,
        null,
        null,
        null,
        null,
        null,
        null,
        null,
        null,
        null,
        null,
        null,
        null,
        null,
        null,
        null,
        null,
        null,
        null,
        null,
        null,
        null,
        null,
        null,
        null,
        null,
        null,
        1,
        null,
        null,
        null,
        null,
        null,
        null,
        null,
        null,
        null,
        null,
        null,
        null,
        null,
        null,
        null,
        null,
        null,
        null,
        null,
        null,
        null,
        null,
        1,
        null,
        null,
        null,
        null,
        null,
        null,
        null,
        null,
        null,
        null,
        null,
        null,
        null,
        null,
        null,
        null,
        null,
        null,
        null,
        null,
        null,
        null,
        null,
        null,
        null,
        null,
        null,
        null,
        null,
        null,
        1,
        null,
        null,
        null,
        null,
        null,
        null,
        null,
        null,
        null,
        1,
        null,
        null,
        null,
        null,
        null,
        null,
        null,
        null,
        null,
        null,
        1,
        null,
        null,
        null,
        null,
        1,
        null,
        null,
        null,
        null,
        null,
        null,
        null,
        null,
        null,
        null,
        null,
        null,
        null,
        null,
        null,
        null,
        null,
        null,
        null,
        null,
        null,
        null,
        null,
        null,
        null,
        null,
        null,
        null,
        null,
        null,
        null,
        null,
        null,
        null,
        null,
        null,
        null,
        null,
        null,
        null,
        1,
        null,
        null,
        null,
        null,
        null,
        null,
        null,
        null,
        null,
        null,
        null,
        null,
        null,
        null,
        null,
        null,
        null,
        null,
        null,
        1,
        null,
        null,
        null,
        null,
        null,
        null,
        null,
        null,
        null,
        null,
        null,
        null,
        null,
        null,
        null,
        null,
        null,
        null,
        null,
        null,
        null,
        1,
        null,
        null,
        null,
        null,
        null,
        null,
        null,
        null,
        null,
        null,
        null,
        null,
        null,
        null,
        null,
        null,
        null,
        null,
        null,
        null,
        null,
        null,
        null,
        null,
        null,
        null,
        null,
        null,
        null,
        null,
        null,
        null,
        null,
        null,
        null,
        null
      ],
      "/home/michal/Pulpit/rails-workspace/rails-films/config/initializers/filter_parameter_logging.rb": [
        null,
        null,
        null,
        1
      ],
      "/home/michal/Pulpit/rails-workspace/rails-films/config/initializers/inflections.rb": [
        null,
        null,
        null,
        null,
        null,
        null,
        null,
        null,
        null,
        null,
        null,
        null,
        null,
        null,
        null,
        null
      ],
      "/home/michal/Pulpit/rails-workspace/rails-films/config/initializers/mime_types.rb": [
        null,
        null,
        null,
        null
      ],
      "/home/michal/Pulpit/rails-workspace/rails-films/config/initializers/ransack.rb": [
        1,
        1,
        null,
        0,
        0,
        null,
        null,
        null
      ],
      "/home/michal/Pulpit/rails-workspace/rails-films/config/initializers/react_server_rendering.rb": [
        null,
        1
      ],
      "/home/michal/Pulpit/rails-workspace/rails-films/config/initializers/wrap_parameters.rb": [
        null,
        null,
        null,
        null,
        null,
        null,
        1,
        2,
        null,
        null,
        null,
        null,
        null,
        null
      ],
      "/home/michal/Pulpit/rails-workspace/rails-films/spec/factories/comments.rb": [
        1,
        1,
        3,
        1,
        1,
        null,
        null
      ],
      "/home/michal/Pulpit/rails-workspace/rails-films/spec/factories/employments.rb": [
        1,
        1,
        19,
        13,
        13,
        19,
        null,
        null
      ],
      "/home/michal/Pulpit/rails-workspace/rails-films/spec/factories/films.rb": [
        1,
        1,
        44,
        44,
        44,
        44,
        44,
        44,
        null,
        null
      ],
      "/home/michal/Pulpit/rails-workspace/rails-films/spec/factories/friendships.rb": [

      ],
      "/home/michal/Pulpit/rails-workspace/rails-films/spec/factories/genres.rb": [
        1,
        1,
        4,
        null,
        null
      ],
      "/home/michal/Pulpit/rails-workspace/rails-films/spec/factories/libraries.rb": [
        1,
        1,
        15,
        15,
        18,
        null,
        null
      ],
      "/home/michal/Pulpit/rails-workspace/rails-films/spec/factories/news.rb": [
        1,
        1,
        7,
        7,
        5,
        5,
        null,
        null
      ],
      "/home/michal/Pulpit/rails-workspace/rails-films/spec/factories/people.rb": [
        1,
        1,
        16,
        16,
        16,
        16,
        16,
        null,
        null
      ],
      "/home/michal/Pulpit/rails-workspace/rails-films/spec/factories/reviews.rb": [
        1,
        1,
        4,
        4,
        4,
        4,
        null,
        null
      ],
      "/home/michal/Pulpit/rails-workspace/rails-films/spec/factories/statuses.rb": [
        1,
        1,
        1,
        null,
        null
      ],
      "/home/michal/Pulpit/rails-workspace/rails-films/spec/factories/users.rb": [
        1,
        1,
        null,
        1,
        59,
        59,
        59,
        59,
        59,
        null,
        null
      ],
      "/home/michal/Pulpit/rails-workspace/rails-films/app/models/user.rb": [
        null,
        null,
        null,
        null,
        null,
        null,
        null,
        null,
        null,
        null,
        null,
        null,
        null,
        null,
        null,
        null,
        null,
        null,
        1,
        null,
        null,
        null,
        null,
        null,
        1,
        null,
        null,
        null,
        null,
        null,
        1,
        null,
        null,
        1,
        null,
        1,
        1,
        null,
        13,
        13,
        5,
        5,
        null,
        1,
        3,
        3,
        null,
        1,
        1,
        1,
        null,
        1,
        14,
        2,
        null,
        12,
        null,
        null,
        null,
        1,
        5,
        null,
        null,
        1,
        1,
        null,
        null,
        1,
        0,
        null,
        null,
        1,
        0,
        null,
        null,
        1,
        7,
        null,
        null,
        1,
        0,
        null,
        null,
        1,
        0,
        null,
        null,
        1,
        0,
        null,
        null,
        1,
        4,
        4,
        null,
        null
      ],
      "/home/michal/Pulpit/rails-workspace/rails-films/app/models/application_record.rb": [
        1,
        1,
        null
      ],
      "/home/michal/Pulpit/rails-workspace/rails-films/config/routes.rb": [
        1,
        1,
        1,
        null,
        1,
        1,
        1,
        1,
        null,
        1,
        1,
        1,
        1,
        null
      ],
      "/home/michal/Pulpit/rails-workspace/rails-films/app/helpers/application_helper.rb": [
        1,
        null
      ],
      "/home/michal/Pulpit/rails-workspace/rails-films/app/helpers/comments_helper.rb": [
        1,
        null
      ],
      "/home/michal/Pulpit/rails-workspace/rails-films/app/helpers/devise_helper.rb": [
        1,
        1,
        6,
        null,
        6,
        2,
        null,
        null,
        null,
        2,
        null,
        null,
        null,
        null,
        null,
        null,
        null,
        2,
        null,
        null
      ],
      "/home/michal/Pulpit/rails-workspace/rails-films/app/helpers/films_helper.rb": [
        1,
        1,
        0,
        0,
        0,
        0,
        0,
        0,
        0,
        null,
        0,
        null,
        null,
        1,
        0,
        null,
        null,
        1,
        0,
        0,
        0,
        null,
        0,
        null,
        null,
        1,
        0,
        null,
        null
      ],
      "/home/michal/Pulpit/rails-workspace/rails-films/app/helpers/friendships_helper.rb": [
        1,
        null
      ],
      "/home/michal/Pulpit/rails-workspace/rails-films/app/helpers/libraries_helper.rb": [
        1,
        null
      ],
      "/home/michal/Pulpit/rails-workspace/rails-films/app/helpers/news_helper.rb": [
        1,
        1,
        0,
        null,
        null,
        null,
        null,
        null,
        0,
        0,
        0,
        null,
        null
      ],
      "/home/michal/Pulpit/rails-workspace/rails-films/app/helpers/people_helper.rb": [
        1,
        null
      ],
      "/home/michal/Pulpit/rails-workspace/rails-films/app/helpers/reviews_helper.rb": [
        1,
        null
      ],
      "/home/michal/Pulpit/rails-workspace/rails-films/app/helpers/static_pages_helper.rb": [
        1,
        null
      ],
      "/home/michal/Pulpit/rails-workspace/rails-films/app/helpers/users_helper.rb": [
        1,
        1,
        7,
        7,
        7,
        null,
        null
      ],
      "/home/michal/Pulpit/rails-workspace/rails-films/spec/support/factory_bot.rb": [
        1,
        1,
        null
      ],
      "/home/michal/Pulpit/rails-workspace/rails-films/app/controllers/comments_controller.rb": [
        1,
        1,
        0,
        null,
        null,
        1,
        null,
        1,
        0,
        null,
        null
      ],
      "/home/michal/Pulpit/rails-workspace/rails-films/app/controllers/application_controller.rb": [
        1,
        1,
        1,
        null,
        1,
        null,
        1,
        1,
        null,
        null,
        1,
        2,
        null,
        null,
        1,
        21,
        null,
        null,
        1,
        7,
        null,
        null
      ],
      "/home/michal/Pulpit/rails-workspace/rails-films/app/controllers/concerns/devise_whitelist.rb": [
        1,
        1,
        null,
        1,
        1,
        null,
        null,
        1,
        14,
        14,
        null,
        null
      ],
      "/home/michal/Pulpit/rails-workspace/rails-films/spec/controllers/films_controller_spec.rb": [
        1,
        null,
        1,
        null,
        1,
        1,
        1,
        1,
        null,
        null,
        null,
        1,
        null,
        null,
        null
      ],
      "/home/michal/Pulpit/rails-workspace/rails-films/app/controllers/films_controller.rb": [
        1,
        1,
        1,
        1,
        null,
        null,
        1,
        0,
        0,
        null,
        null
      ],
      "/home/michal/Pulpit/rails-workspace/rails-films/spec/controllers/friendships_controller_spec.rb": [
        1,
        null,
        1,
        4,
        1,
        1,
        1,
        2,
        null,
        null,
        null,
        1,
        1,
        1,
        1,
        1,
        null,
        null,
        null,
        1,
        1,
        1,
        2,
        null,
        null,
        null
      ],
      "/home/michal/Pulpit/rails-workspace/rails-films/app/controllers/friendships_controller.rb": [
        1,
        1,
        0,
        0,
        0,
        0,
        null,
        0,
        0,
        null,
        null,
        null,
        1,
        0,
        0,
        0,
        0,
        null,
        0,
        null,
        null,
        null,
        1,
        0,
        0,
        0,
        0,
        null,
        null
      ],
      "/home/michal/Pulpit/rails-workspace/rails-films/spec/controllers/libraries_controller_spec.rb": [
        1,
        null,
        1,
        null,
        null
      ],
      "/home/michal/Pulpit/rails-workspace/rails-films/app/controllers/libraries_controller.rb": [
        1,
        1,
        0,
        0,
        0,
        null,
        0,
        null,
        null,
        null,
        1,
        0,
        0,
        0,
        null,
        0,
        null,
        null,
        null,
        1,
        0,
        0,
        0,
        0,
        null,
        null,
        1,
        null,
        1,
        0,
        null,
        null
      ],
      "/home/michal/Pulpit/rails-workspace/rails-films/spec/controllers/news_controller_spec.rb": [
        1,
        null,
        1,
        null,
        null
      ],
      "/home/michal/Pulpit/rails-workspace/rails-films/app/controllers/news_controller.rb": [
        1,
        1,
        null,
        1,
        0,
        null,
        null,
        1,
        0,
        0,
        null,
        null,
        1,
        0,
        null,
        null,
        1,
        0,
        0,
        0,
        0,
        0,
        null,
        0,
        null,
        null,
        null,
        1,
        0,
        null,
        null,
        1,
        0,
        0,
        0,
        null,
        0,
        null,
        null,
        null,
        1,
        null,
        1,
        0,
        null,
        null,
        null
      ],
      "/home/michal/Pulpit/rails-workspace/rails-films/spec/controllers/people_controller_spec.rb": [
        1,
        null,
        1,
        null,
        null
      ],
      "/home/michal/Pulpit/rails-workspace/rails-films/app/controllers/people_controller.rb": [
        1,
        1,
        0,
        null,
        null
      ],
      "/home/michal/Pulpit/rails-workspace/rails-films/spec/controllers/reviews_controller_spec.rb": [
        1,
        null,
        1,
        null,
        null
      ],
      "/home/michal/Pulpit/rails-workspace/rails-films/app/controllers/reviews_controller.rb": [
        1,
        1,
        0,
        0,
        null,
        null,
        1,
        0,
        0,
        null,
        null,
        1,
        0,
        0,
        null,
        null,
        1,
        0,
        0,
        0,
        0,
        0,
        null,
        0,
        null,
        null,
        null,
        1,
        null,
        1,
        0,
        null,
        null
      ],
      "/home/michal/Pulpit/rails-workspace/rails-films/spec/controllers/static_pages_controller_spec.rb": [
        1,
        null,
        1,
        null,
        1,
        1,
        1,
        1,
        null,
        null,
        null,
        null
      ],
      "/home/michal/Pulpit/rails-workspace/rails-films/app/controllers/static_pages_controller.rb": [
        1,
        1,
        null,
        null
      ],
      "/home/michal/Pulpit/rails-workspace/rails-films/spec/controllers/users_controller_spec.rb": [
        1,
        null,
        1,
        null,
        1,
        null,
        null,
        null
      ],
      "/home/michal/Pulpit/rails-workspace/rails-films/app/controllers/users_controller.rb": [
        1,
        1,
        null,
        1,
        0,
        null,
        null,
        1,
        0,
        null,
        null
      ],
      "/home/michal/Pulpit/rails-workspace/rails-films/spec/features/users_spec.rb": [
        1,
        null,
        1,
        1,
        1,
        2,
        2,
        2,
        2,
        null,
        null,
        null,
        1,
        1,
        1,
        null,
        1,
        1,
        null,
        null,
        1,
        1,
        1,
        null,
        1,
        1,
        null,
        null,
        null,
        1,
        3,
        1,
        2,
        null,
        null,
        1,
        1,
        1,
        1,
        null,
        1,
        1,
        null,
        null,
        1,
        1,
        1,
        1,
        null,
        1,
        1,
        null,
        null,
        null,
        1,
        2,
        1,
        1,
        null,
        null,
        1,
        1,
        1,
        1,
        null,
        null,
        null,
        1,
        3,
        1,
        2,
        2,
        null,
        null,
        1,
        1,
        1,
        1,
        1,
        null,
        1,
        1,
        null,
        null,
        1,
        1,
        1,
        1,
        null,
        1,
        1,
        1,
        1,
        null,
        null,
        null
      ],
      "/home/michal/Pulpit/rails-workspace/rails-films/spec/helpers/comments_helper_spec.rb": [
        1,
        null,
        null,
        null,
        null,
        null,
        null,
        null,
        null,
        null,
        null,
        null,
        1,
        null
      ],
      "/home/michal/Pulpit/rails-workspace/rails-films/spec/helpers/films_helper_spec.rb": [
        1,
        null,
        null,
        null,
        null,
        null,
        null,
        null,
        null,
        null,
        null,
        null,
        1,
        null
      ],
      "/home/michal/Pulpit/rails-workspace/rails-films/spec/helpers/friendships_helper_spec.rb": [
        1,
        null,
        null,
        null,
        null,
        null,
        null,
        null,
        null,
        null,
        null,
        null,
        1,
        null
      ],
      "/home/michal/Pulpit/rails-workspace/rails-films/spec/helpers/libraries_helper_spec.rb": [
        1,
        null,
        null,
        null,
        null,
        null,
        null,
        null,
        null,
        null,
        null,
        null,
        1,
        null
      ],
      "/home/michal/Pulpit/rails-workspace/rails-films/spec/helpers/news_helper_spec.rb": [
        1,
        null,
        null,
        null,
        null,
        null,
        null,
        null,
        null,
        null,
        null,
        null,
        1,
        null
      ],
      "/home/michal/Pulpit/rails-workspace/rails-films/spec/helpers/people_helper_spec.rb": [
        1,
        null,
        null,
        null,
        null,
        null,
        null,
        null,
        null,
        null,
        null,
        null,
        1,
        null
      ],
      "/home/michal/Pulpit/rails-workspace/rails-films/spec/helpers/reviews_helper_spec.rb": [
        1,
        null,
        null,
        null,
        null,
        null,
        null,
        null,
        null,
        null,
        null,
        null,
        1,
        null
      ],
      "/home/michal/Pulpit/rails-workspace/rails-films/spec/helpers/static_pages_helper_spec.rb": [
        1,
        null,
        null,
        null,
        null,
        null,
        null,
        null,
        null,
        null,
        null,
        null,
        1,
        null
      ],
      "/home/michal/Pulpit/rails-workspace/rails-films/spec/helpers/users_helper_spec.rb": [
        1,
        null,
        null,
        null,
        null,
        null,
        null,
        null,
        null,
        null,
        null,
        null,
        1,
        null
      ],
      "/home/michal/Pulpit/rails-workspace/rails-films/spec/models/comment_spec.rb": [
        1,
        null,
        1,
        1,
        3,
        3,
        3,
        3,
        null,
        1,
        1,
        1,
        null,
        null,
        1,
        1,
        1,
        null,
        null,
        null
      ],
      "/home/michal/Pulpit/rails-workspace/rails-films/app/models/comment.rb": [
        1,
        1,
        1,
        null,
        1,
        null
      ],
      "/home/michal/Pulpit/rails-workspace/rails-films/spec/models/employment_spec.rb": [
        1,
        null,
        1,
        1,
        4,
        4,
        4,
        null,
        1,
        1,
        1,
        null,
        null,
        1,
        1,
        1,
        null,
        null,
        1,
        1,
        1,
        null,
        null,
        null,
        1,
        4,
        4,
        4,
        1,
        3,
        6,
        6,
        6,
        null,
        null,
        1,
        1,
        null,
        null,
        1,
        3,
        1,
        null,
        null,
        1,
        3,
        1,
        null,
        null,
        null
      ],
      "/home/michal/Pulpit/rails-workspace/rails-films/app/models/employment.rb": [
        null,
        null,
        null,
        null,
        null,
        null,
        null,
        null,
        null,
        null,
        null,
        null,
        null,
        1,
        1,
        null,
        1,
        1,
        null,
        6,
        6,
        6,
        null,
        null
      ],
      "/home/michal/Pulpit/rails-workspace/rails-films/spec/models/film_spec.rb": [
        1,
        null,
        1,
        1,
        4,
        1,
        1,
        1,
        null,
        null,
        1,
        1,
        1,
        null,
        null,
        1,
        1,
        1,
        null,
        null,
        null,
        1,
        5,
        2,
        4,
        4,
        1,
        1,
        1,
        null,
        null,
        1,
        1,
        1,
        null,
        null,
        1,
        1,
        1,
        null,
        null,
        1,
        1,
        1,
        null,
        null,
        null
      ],
      "/home/michal/Pulpit/rails-workspace/rails-films/app/models/film.rb": [
        null,
        null,
        null,
        null,
        null,
        null,
        null,
        null,
        null,
        null,
        null,
        null,
        null,
        null,
        null,
        1,
        1,
        null,
        1,
        1,
        null,
        1,
        1,
        1,
        3,
        3,
        3,
        null,
        1,
        1,
        null,
        1,
        0,
        null,
        null,
        1,
        0,
        null,
        null,
        1,
        5,
        null,
        null
      ],
      "/home/michal/Pulpit/rails-workspace/rails-films/spec/models/friendship_spec.rb": [
        1,
        null,
        1,
        1,
        4,
        1,
        1,
        1,
        null,
        null,
        1,
        1,
        1,
        null,
        null,
        1,
        1,
        1,
        null,
        null,
        null
      ],
      "/home/michal/Pulpit/rails-workspace/rails-films/app/models/friendship.rb": [
        null,
        null,
        null,
        null,
        null,
        null,
        null,
        null,
        null,
        null,
        null,
        null,
        1,
        1,
        null,
        1,
        1,
        null,
        1,
        37,
        null,
        null
      ],
      "/home/michal/Pulpit/rails-workspace/rails-films/spec/models/genre_spec.rb": [
        1,
        null,
        1,
        1,
        2,
        1,
        1,
        1,
        null,
        null,
        null,
        1,
        2,
        2,
        1,
        4,
        1,
        null,
        null,
        null
      ],
      "/home/michal/Pulpit/rails-workspace/rails-films/app/models/genre.rb": [
        null,
        null,
        null,
        null,
        null,
        null,
        null,
        null,
        null,
        null,
        1,
        1,
        null,
        1,
        null,
        1,
        0,
        0,
        0,
        null,
        0,
        null,
        null
      ],
      "/home/michal/Pulpit/rails-workspace/rails-films/spec/models/library_spec.rb": [
        1,
        null,
        1,
        1,
        4,
        4,
        4,
        1,
        1,
        1,
        null,
        null,
        1,
        1,
        1,
        null,
        null,
        1,
        1,
        1,
        null,
        null,
        null,
        1,
        3,
        3,
        3,
        1,
        1,
        2,
        2,
        2,
        null,
        1,
        null,
        null,
        1,
        1,
        2,
        2,
        2,
        2,
        null,
        1,
        null,
        null,
        null
      ],
      "/home/michal/Pulpit/rails-workspace/rails-films/app/models/library.rb": [
        null,
        null,
        null,
        null,
        null,
        null,
        null,
        null,
        null,
        null,
        null,
        null,
        1,
        1,
        null,
        1,
        1,
        null,
        4,
        4,
        null
      ],
      "/home/michal/Pulpit/rails-workspace/rails-films/spec/models/news_spec.rb": [
        1,
        null,
        1,
        1,
        5,
        5,
        5,
        1,
        4,
        4,
        null,
        1,
        1,
        1,
        null,
        null,
        1,
        1,
        1,
        null,
        null,
        1,
        1,
        1,
        null,
        null,
        1,
        1,
        1,
        null,
        null,
        null
      ],
      "/home/michal/Pulpit/rails-workspace/rails-films/app/models/news.rb": [
        null,
        null,
        null,
        null,
        null,
        null,
        null,
        null,
        null,
        null,
        null,
        null,
        null,
        1,
        1,
        null,
        1,
        null,
        1,
        1,
        null
      ],
      "/home/michal/Pulpit/rails-workspace/rails-films/spec/models/person_spec.rb": [
        1,
        null,
        1,
        1,
        3,
        1,
        1,
        1,
        null,
        null,
        1,
        1,
        1,
        null,
        null,
        null,
        1,
        2,
        1,
        1,
        null,
        null,
        null,
        1,
        4,
        4,
        4,
        1,
        3,
        6,
        6,
        6,
        null,
        null,
        1,
        1,
        null,
        null,
        1,
        3,
        1,
        null,
        null,
        1,
        3,
        1,
        null,
        null,
        null
      ],
      "/home/michal/Pulpit/rails-workspace/rails-films/app/models/person.rb": [
        null,
        null,
        null,
        null,
        null,
        null,
        null,
        null,
        null,
        null,
        null,
        null,
        null,
        null,
        1,
        1,
        null,
        1,
        3,
        3,
        3,
        null,
        1,
        1,
        null,
        null
      ],
      "/home/michal/Pulpit/rails-workspace/rails-films/spec/models/review_spec.rb": [
        1,
        null,
        1,
        1,
        4,
        4,
        4,
        1,
        3,
        3,
        null,
        1,
        1,
        1,
        null,
        null,
        1,
        1,
        1,
        null,
        null,
        1,
        1,
        1,
        null,
        null,
        null
      ],
      "/home/michal/Pulpit/rails-workspace/rails-films/app/models/review.rb": [
        null,
        null,
        null,
        null,
        null,
        null,
        null,
        null,
        null,
        null,
        null,
        null,
        null,
        1,
        1,
        1,
        null,
        1,
        1,
        null
      ],
      "/home/michal/Pulpit/rails-workspace/rails-films/spec/models/status_spec.rb": [
        1,
        null,
        1,
        null
      ],
      "/home/michal/Pulpit/rails-workspace/rails-films/app/models/status.rb": [
        null,
        null,
        null,
        null,
        null,
        null,
        null,
        null,
        null,
        null,
        1,
        null
      ],
      "/home/michal/Pulpit/rails-workspace/rails-films/spec/models/user_spec.rb": [
        1,
        null,
        1,
        1,
        7,
        1,
        1,
        6,
        6,
        6,
        6,
        6,
        null,
        null,
        1,
        1,
        null,
        null,
        1,
        1,
        null,
        null,
        1,
        1,
        null,
        null,
        1,
        1,
        null,
        null,
        1,
        1,
        null,
        null,
        1,
        1,
        null,
        null,
        null,
        1,
        3,
        3,
        3,
        1,
        2,
        10,
        10,
        10,
        null,
        null,
        null,
        1,
        1,
        null,
        null,
        1,
        3,
        1,
        null,
        null,
        null
      ],
      "/home/michal/Pulpit/rails-workspace/rails-films/spec/views/films/index.html.haml_spec.rb": [
        1,
        null,
        1,
        null
      ],
      "/home/michal/Pulpit/rails-workspace/rails-films/spec/views/films/show.html.haml_spec.rb": [
        1,
        null,
        1,
        null
      ],
      "/home/michal/Pulpit/rails-workspace/rails-films/spec/views/people/show.html.haml_spec.rb": [
        1,
        null,
        1,
        null
      ],
      "/home/michal/Pulpit/rails-workspace/rails-films/spec/views/reviews/index.html.haml_spec.rb": [
        1,
        null,
        1,
        null
      ],
      "/home/michal/Pulpit/rails-workspace/rails-films/spec/views/reviews/show.html.haml_spec.rb": [
        1,
        null,
        1,
        null
      ],
      "/home/michal/Pulpit/rails-workspace/rails-films/spec/views/static_pages/home.html.erb_spec.rb": [
        1,
        null,
        1,
        null
      ],
      "/home/michal/Pulpit/rails-workspace/rails-films/spec/views/users/show.html.haml_spec.rb": [
        1,
        null,
        1,
        null
      ]
    },
    "timestamp": 1538668944
  }
}
